<?xml version="1.0" encoding="UTF-8"?>
<testsuite name="durango.server.ServerApplicationTests" tests="1" skipped="0" failures="0" errors="0" timestamp="2020-01-02T16:39:10" hostname="DESKTOP-6OQJKMF" time="0.375">
  <properties/>
  <testcase name="contextLoads()" classname="durango.server.ServerApplicationTests" time="0.375"/>
  <system-out><![CDATA[17:39:07.064 [Test worker] DEBUG org.springframework.test.context.BootstrapUtils - Instantiating CacheAwareContextLoaderDelegate from class [org.springframework.test.context.cache.DefaultCacheAwareContextLoaderDelegate]
17:39:07.089 [Test worker] DEBUG org.springframework.test.context.BootstrapUtils - Instantiating BootstrapContext using constructor [public org.springframework.test.context.support.DefaultBootstrapContext(java.lang.Class,org.springframework.test.context.CacheAwareContextLoaderDelegate)]
17:39:07.128 [Test worker] DEBUG org.springframework.test.context.BootstrapUtils - Instantiating TestContextBootstrapper for test class [durango.server.ServerApplicationTests] from class [org.springframework.boot.test.context.SpringBootTestContextBootstrapper]
17:39:07.155 [Test worker] INFO org.springframework.boot.test.context.SpringBootTestContextBootstrapper - Neither @ContextConfiguration nor @ContextHierarchy found for test class [durango.server.ServerApplicationTests], using SpringBootContextLoader
17:39:07.160 [Test worker] DEBUG org.springframework.test.context.support.AbstractContextLoader - Did not detect default resource location for test class [durango.server.ServerApplicationTests]: class path resource [durango/server/ServerApplicationTests-context.xml] does not exist
17:39:07.161 [Test worker] DEBUG org.springframework.test.context.support.AbstractContextLoader - Did not detect default resource location for test class [durango.server.ServerApplicationTests]: class path resource [durango/server/ServerApplicationTestsContext.groovy] does not exist
17:39:07.161 [Test worker] INFO org.springframework.test.context.support.AbstractContextLoader - Could not detect default resource locations for test class [durango.server.ServerApplicationTests]: no resource found for suffixes {-context.xml, Context.groovy}.
17:39:07.163 [Test worker] INFO org.springframework.test.context.support.AnnotationConfigContextLoaderUtils - Could not detect default configuration classes for test class [durango.server.ServerApplicationTests]: ServerApplicationTests does not declare any static, non-private, non-final, nested classes annotated with @Configuration.
17:39:07.231 [Test worker] DEBUG org.springframework.test.context.support.ActiveProfilesUtils - Could not find an 'annotation declaring class' for annotation type [org.springframework.test.context.ActiveProfiles] and class [durango.server.ServerApplicationTests]
17:39:07.359 [Test worker] DEBUG org.springframework.context.annotation.ClassPathScanningCandidateComponentProvider - Identified candidate component class: file [C:\Programiranje\Durango\durango\server\build\classes\java\main\durango\server\ServerApplication.class]
17:39:07.361 [Test worker] INFO org.springframework.boot.test.context.SpringBootTestContextBootstrapper - Found @SpringBootConfiguration durango.server.ServerApplication for test class durango.server.ServerApplicationTests
17:39:07.533 [Test worker] DEBUG org.springframework.boot.test.context.SpringBootTestContextBootstrapper - @TestExecutionListeners is not present for class [durango.server.ServerApplicationTests]: using defaults.
17:39:07.533 [Test worker] INFO org.springframework.boot.test.context.SpringBootTestContextBootstrapper - Loaded default TestExecutionListener class names from location [META-INF/spring.factories]: [org.springframework.boot.test.autoconfigure.restdocs.RestDocsTestExecutionListener, org.springframework.boot.test.autoconfigure.web.client.MockRestServiceServerResetTestExecutionListener, org.springframework.boot.test.autoconfigure.web.servlet.MockMvcPrintOnlyOnFailureTestExecutionListener, org.springframework.boot.test.autoconfigure.web.servlet.WebDriverTestExecutionListener, org.springframework.boot.test.mock.mockito.MockitoTestExecutionListener, org.springframework.boot.test.mock.mockito.ResetMocksTestExecutionListener, org.springframework.test.context.web.ServletTestExecutionListener, org.springframework.test.context.support.DirtiesContextBeforeModesTestExecutionListener, org.springframework.test.context.support.DependencyInjectionTestExecutionListener, org.springframework.test.context.support.DirtiesContextTestExecutionListener, org.springframework.test.context.transaction.TransactionalTestExecutionListener, org.springframework.test.context.jdbc.SqlScriptsTestExecutionListener, org.springframework.test.context.event.EventPublishingTestExecutionListener]
17:39:07.564 [Test worker] DEBUG org.springframework.boot.test.context.SpringBootTestContextBootstrapper - Skipping candidate TestExecutionListener [org.springframework.test.context.transaction.TransactionalTestExecutionListener] due to a missing dependency. Specify custom listener classes or make the default listener classes and their required dependencies available. Offending class: [org/springframework/transaction/interceptor/TransactionAttributeSource]
17:39:07.564 [Test worker] DEBUG org.springframework.boot.test.context.SpringBootTestContextBootstrapper - Skipping candidate TestExecutionListener [org.springframework.test.context.jdbc.SqlScriptsTestExecutionListener] due to a missing dependency. Specify custom listener classes or make the default listener classes and their required dependencies available. Offending class: [org/springframework/transaction/interceptor/TransactionAttribute]
17:39:07.564 [Test worker] INFO org.springframework.boot.test.context.SpringBootTestContextBootstrapper - Using TestExecutionListeners: [org.springframework.test.context.web.ServletTestExecutionListener@41dacea1, org.springframework.test.context.support.DirtiesContextBeforeModesTestExecutionListener@64539f2a, org.springframework.boot.test.mock.mockito.MockitoTestExecutionListener@1aaaca51, org.springframework.boot.test.autoconfigure.SpringBootDependencyInjectionTestExecutionListener@7f72a6ab, org.springframework.test.context.support.DirtiesContextTestExecutionListener@684ad022, org.springframework.test.context.event.EventPublishingTestExecutionListener@1098b8ce, org.springframework.boot.test.autoconfigure.restdocs.RestDocsTestExecutionListener@5cac00ce, org.springframework.boot.test.autoconfigure.web.client.MockRestServiceServerResetTestExecutionListener@3681a20e, org.springframework.boot.test.autoconfigure.web.servlet.MockMvcPrintOnlyOnFailureTestExecutionListener@874bf3c, org.springframework.boot.test.autoconfigure.web.servlet.WebDriverTestExecutionListener@5dff3834, org.springframework.boot.test.mock.mockito.ResetMocksTestExecutionListener@61e9e935]
17:39:07.564 [Test worker] DEBUG org.springframework.test.context.support.AbstractDirtiesContextTestExecutionListener - Before test class: context [DefaultTestContext@19c14fa8 testClass = ServerApplicationTests, testInstance = [null], testMethod = [null], testException = [null], mergedContextConfiguration = [WebMergedContextConfiguration@57224b6a testClass = ServerApplicationTests, locations = '{}', classes = '{class durango.server.ServerApplication}', contextInitializerClasses = '[]', activeProfiles = '{}', propertySourceLocations = '{}', propertySourceProperties = '{org.springframework.boot.test.context.SpringBootTestContextBootstrapper=true}', contextCustomizers = set[org.springframework.boot.test.autoconfigure.properties.PropertyMappingContextCustomizer@0, org.springframework.boot.test.autoconfigure.web.servlet.WebDriverContextCustomizerFactory$Customizer@2620d33d, org.springframework.boot.test.context.filter.ExcludeFilterContextCustomizer@233d2b26, org.springframework.boot.test.json.DuplicateJsonObjectContextCustomizerFactory$DuplicateJsonObjectContextCustomizer@11120ada, org.springframework.boot.test.mock.mockito.MockitoContextCustomizer@0, org.springframework.boot.test.web.client.TestRestTemplateContextCustomizer@32b5a0d5], resourceBasePath = 'src/main/webapp', contextLoader = 'org.springframework.boot.test.context.SpringBootContextLoader', parent = [null]], attributes = map['org.springframework.test.context.web.ServletTestExecutionListener.activateListener' -> true]], class annotated with @DirtiesContext [false] with mode [null].
17:39:07.611 [Test worker] DEBUG org.springframework.test.context.support.TestPropertySourceUtils - Adding inlined properties to environment: {spring.jmx.enabled=false, org.springframework.boot.test.context.SpringBootTestContextBootstrapper=true, server.port=-1}

  .   ____          _            __ _ _
 /\\ / ___'_ __ _ _(_)_ __  __ _ \ \ \ \
( ( )\___ | '_ | '_| | '_ \/ _` | \ \ \ \
 \\/  ___)| |_)| | | | | || (_| |  ) ) ) )
  '  |____| .__|_| |_|_| |_\__, | / / / /
 =========|_|==============|___/=/_/_/_/
 :: Spring Boot ::        (v2.2.2.RELEASE)

2020-01-02 17:39:08.028  INFO 8156 --- [    Test worker] durango.server.ServerApplicationTests    : Starting ServerApplicationTests on DESKTOP-6OQJKMF with PID 8156 (started by Luka in C:\Programiranje\Durango\durango\server)
2020-01-02 17:39:08.030  INFO 8156 --- [    Test worker] durango.server.ServerApplicationTests    : No active profile set, falling back to default profiles: default
2020-01-02 17:39:09.997  INFO 8156 --- [    Test worker] o.s.s.concurrent.ThreadPoolTaskExecutor  : Initializing ExecutorService 'applicationTaskExecutor'
2020-01-02 17:39:10.427  INFO 8156 --- [    Test worker] durango.server.ServerApplicationTests    : Started ServerApplicationTests in 2.793 seconds (JVM running for 4.634)
]]></system-out>
  <system-err><![CDATA[]]></system-err>
</testsuite>
